<?xml version="1.0" encoding="utf-8"?>
<TestRun id="edd835a0-609c-480c-b19f-f3a8d8939479" name="Trent@LAPTOP-8UTV2P67 2021-05-27 07:16:44" runUser="LAPTOP-8UTV2P67\Trent" xmlns="http://microsoft.com/schemas/VisualStudio/TeamTest/2010">
  <Times creation="2021-05-27T07:16:44.6807330-05:00" queuing="2021-05-27T07:16:44.6807346-05:00" start="2021-05-27T07:16:39.9407787-05:00" finish="2021-05-27T07:16:44.6914719-05:00" />
  <TestSettings name="default" id="3dcdc2d3-6d32-48b1-8f23-954cedd3b3fc">
    <Deployment runDeploymentRoot="Trent_LAPTOP-8UTV2P67_2021-05-27_07_16_44" />
  </TestSettings>
  <Results>
    <UnitTestResult executionId="49247e1f-1863-45fd-b821-ee792c13d1ed" testId="354c00f3-faca-0922-e0c5-2bd23d590a9c" testName="hackerrank.tests.IntersectionOf3ArraysTests.Test_100k" computerName="LAPTOP-8UTV2P67" duration="00:00:03.7869097" startTime="2021-05-27T07:16:44.6024484-05:00" endTime="2021-05-27T07:16:44.6025096-05:00" testType="13cdc9d9-ddb5-4fa4-a97d-d965ccfc6d4b" outcome="Passed" testListId="8c84fa94-04c1-424b-9868-57a2d4851a1d" relativeResultsDirectory="49247e1f-1863-45fd-b821-ee792c13d1ed" />
  </Results>
  <TestDefinitions>
    <UnitTest name="hackerrank.tests.IntersectionOf3ArraysTests.Test_100k" storage="e:\learning\hackerrank\hackerrank.tests\bin\debug\netcoreapp3.1\hackerrank.tests.dll" id="354c00f3-faca-0922-e0c5-2bd23d590a9c">
      <Execution id="49247e1f-1863-45fd-b821-ee792c13d1ed" />
      <TestMethod codeBase="e:\Learning\hackerrank\hackerrank.tests\bin\Debug\netcoreapp3.1\hackerrank.tests.dll" adapterTypeName="executor://xunit/VsTestRunner2/netcoreapp" className="hackerrank.tests.IntersectionOf3ArraysTests" name="Test_100k" />
    </UnitTest>
  </TestDefinitions>
  <TestEntries>
    <TestEntry testId="354c00f3-faca-0922-e0c5-2bd23d590a9c" executionId="49247e1f-1863-45fd-b821-ee792c13d1ed" testListId="8c84fa94-04c1-424b-9868-57a2d4851a1d" />
  </TestEntries>
  <TestLists>
    <TestList name="Results Not in a List" id="8c84fa94-04c1-424b-9868-57a2d4851a1d" />
    <TestList name="All Loaded Results" id="19431567-8539-422a-85d7-44ee4e166bda" />
  </TestLists>
  <ResultSummary outcome="Completed">
    <Counters total="1" executed="1" passed="1" failed="0" error="0" timeout="0" aborted="0" inconclusive="0" passedButRunAborted="0" notRunnable="0" notExecuted="0" disconnected="0" warning="0" completed="0" inProgress="0" pending="0" />
    <Output>
      <StdOut>[xUnit.net 00:00:00.00] xUnit.net VSTest Adapter v2.4.0 (64-bit .NET Core 3.1.15)&#xD;
[xUnit.net 00:00:00.38]   Discovering: hackerrank.tests&#xD;
[xUnit.net 00:00:00.41]   Discovered:  hackerrank.tests&#xD;
[xUnit.net 00:00:00.41]   Starting:    hackerrank.tests&#xD;
[xUnit.net 00:00:04.25]   Finished:    hackerrank.tests&#xD;
</StdOut>
    </Output>
  </ResultSummary>
</TestRun>